This is XeTeX, Version 3.14159265-2.6-0.99992 (TeX Live 2015/Debian) (preloaded format=xelatex 2019.6.26)  3 DEC 2019 22:58
entering extended mode
 restricted \write18 enabled.
 %&-line parsing enabled.
**analysis_eig_asy02.tex

(/home/myzhou/Documents/github/20190820_beam_extension/report/analysis_eig_asy0
2.tex
LaTeX2e <2016/02/01>
Babel <3.9q> and hyphenation patterns for 81 language(s) loaded.
(/usr/share/texlive/texmf-dist/tex/latex/base/article.cls
Document Class: article 2014/09/29 v1.4h Standard LaTeX document class
(/usr/share/texlive/texmf-dist/tex/latex/base/size10.clo
File: size10.clo 2014/09/29 v1.4h Standard LaTeX file (size option)
)
\c@part=\count79
\c@section=\count80
\c@subsection=\count81
\c@subsubsection=\count82
\c@paragraph=\count83
\c@subparagraph=\count84
\c@figure=\count85
\c@table=\count86
\abovecaptionskip=\skip41
\belowcaptionskip=\skip42
\bibindent=\dimen102
)
(/usr/share/texlive/texmf-dist/tex/latex/amsmath/amsmath.sty
Package: amsmath 2016/03/03 v2.15a AMS math features
\@mathmargin=\skip43

For additional information on amsmath, use the `?' option.
(/usr/share/texlive/texmf-dist/tex/latex/amsmath/amstext.sty
Package: amstext 2000/06/29 v2.01 AMS text

(/usr/share/texlive/texmf-dist/tex/latex/amsmath/amsgen.sty
File: amsgen.sty 1999/11/30 v2.0 generic functions
\@emptytoks=\toks14
\ex@=\dimen103
))
(/usr/share/texlive/texmf-dist/tex/latex/amsmath/amsbsy.sty
Package: amsbsy 1999/11/29 v1.2d Bold Symbols
\pmbraise@=\dimen104
)
(/usr/share/texlive/texmf-dist/tex/latex/amsmath/amsopn.sty
Package: amsopn 1999/12/14 v2.01 operator names
)
\inf@bad=\count87
LaTeX Info: Redefining \frac on input line 199.
\uproot@=\count88
\leftroot@=\count89
LaTeX Info: Redefining \overline on input line 297.
\classnum@=\count90
\DOTSCASE@=\count91
LaTeX Info: Redefining \ldots on input line 394.
LaTeX Info: Redefining \dots on input line 397.
LaTeX Info: Redefining \cdots on input line 518.
\Mathstrutbox@=\box26
\strutbox@=\box27
\big@size=\dimen105
LaTeX Font Info:    Redeclaring font encoding OML on input line 630.
LaTeX Font Info:    Redeclaring font encoding OMS on input line 631.
\macc@depth=\count92
\c@MaxMatrixCols=\count93
\dotsspace@=\muskip10
\c@parentequation=\count94
\dspbrk@lvl=\count95
\tag@help=\toks15
\row@=\count96
\column@=\count97
\maxfields@=\count98
\andhelp@=\toks16
\eqnshift@=\dimen106
\alignsep@=\dimen107
\tagshift@=\dimen108
\tagwidth@=\dimen109
\totwidth@=\dimen110
\lineht@=\dimen111
\@envbody=\toks17
\multlinegap=\skip44
\multlinetaggap=\skip45
\mathdisplay@stack=\toks18
LaTeX Info: Redefining \[ on input line 2735.
LaTeX Info: Redefining \] on input line 2736.
)
(/usr/share/texlive/texmf-dist/tex/latex/amsfonts/amssymb.sty
Package: amssymb 2013/01/14 v3.01 AMS font symbols

(/usr/share/texlive/texmf-dist/tex/latex/amsfonts/amsfonts.sty
Package: amsfonts 2013/01/14 v3.01 Basic AMSFonts support
\symAMSa=\mathgroup4
\symAMSb=\mathgroup5
LaTeX Font Info:    Overwriting math alphabet `\mathfrak' in version `bold'
(Font)                  U/euf/m/n --> U/euf/b/n on input line 106.
))
(/usr/share/texlive/texmf-dist/tex/latex/graphics/graphicx.sty
Package: graphicx 2014/10/28 v1.0g Enhanced LaTeX Graphics (DPC,SPQR)

(/usr/share/texlive/texmf-dist/tex/latex/graphics/keyval.sty
Package: keyval 2014/10/28 v1.15 key=value parser (DPC)
\KV@toks@=\toks19
)
(/usr/share/texlive/texmf-dist/tex/latex/graphics/graphics.sty
Package: graphics 2016/01/03 v1.0q Standard LaTeX Graphics (DPC,SPQR)

(/usr/share/texlive/texmf-dist/tex/latex/graphics/trig.sty
Package: trig 2016/01/03 v1.10 sin cos tan (DPC)
)
(/usr/share/texlive/texmf-dist/tex/latex/latexconfig/graphics.cfg
File: graphics.cfg 2010/04/23 v1.9 graphics configuration of TeX Live
)
Package graphics Info: Driver file: xetex.def on input line 95.

(/usr/share/texlive/texmf-dist/tex/xelatex/xetex-def/xetex.def
File: xetex.def 2015/09/11 v4.06 LaTeX color/graphics driver for XeTeX (TeX Liv
e/RRM/JK)

(/usr/share/texlive/texmf-dist/tex/generic/oberdiek/infwarerr.sty
Package: infwarerr 2010/04/08 v1.3 Providing info/warning/error messages (HO)
)
(/usr/share/texlive/texmf-dist/tex/generic/oberdiek/ltxcmds.sty
Package: ltxcmds 2011/11/09 v1.22 LaTeX kernel commands for general use (HO)
)))
\Gin@req@height=\dimen112
\Gin@req@width=\dimen113
)
(/usr/share/texlive/texmf-dist/tex/latex/xcolor/xcolor.sty
Package: xcolor 2007/01/21 v2.11 LaTeX color extensions (UK)

(/usr/share/texlive/texmf-dist/tex/latex/latexconfig/color.cfg
File: color.cfg 2007/01/18 v1.5 color configuration of teTeX/TeXLive
)
Package xcolor Info: Driver file: xetex.def on input line 225.
Package xcolor Info: Model `cmy' substituted by `cmy0' on input line 1337.
Package xcolor Info: Model `RGB' extended on input line 1353.
Package xcolor Info: Model `HTML' substituted by `rgb' on input line 1355.
Package xcolor Info: Model `Hsb' substituted by `hsb' on input line 1356.
Package xcolor Info: Model `tHsb' substituted by `hsb' on input line 1357.
Package xcolor Info: Model `HSB' substituted by `hsb' on input line 1358.
Package xcolor Info: Model `Gray' substituted by `gray' on input line 1359.
Package xcolor Info: Model `wave' substituted by `hsb' on input line 1360.
)
(/usr/share/texlive/texmf-dist/tex/latex/geometry/geometry.sty
Package: geometry 2010/09/12 v5.6 Page Geometry

(/usr/share/texlive/texmf-dist/tex/generic/oberdiek/ifpdf.sty
Package: ifpdf 2011/01/30 v2.3 Provides the ifpdf switch (HO)
Package ifpdf Info: pdfTeX in PDF mode is not detected.
)
(/usr/share/texlive/texmf-dist/tex/generic/oberdiek/ifvtex.sty
Package: ifvtex 2010/03/01 v1.5 Detect VTeX and its facilities (HO)
Package ifvtex Info: VTeX not detected.
)
(/usr/share/texlive/texmf-dist/tex/generic/ifxetex/ifxetex.sty
Package: ifxetex 2010/09/12 v0.6 Provides ifxetex conditional
)
\Gm@cnth=\count99
\Gm@cntv=\count100
\c@Gm@tempcnt=\count101
\Gm@bindingoffset=\dimen114
\Gm@wd@mp=\dimen115
\Gm@odd@mp=\dimen116
\Gm@even@mp=\dimen117
\Gm@layoutwidth=\dimen118
\Gm@layoutheight=\dimen119
\Gm@layouthoffset=\dimen120
\Gm@layoutvoffset=\dimen121
\Gm@dimlist=\toks20
)
(/home/myzhou/Documents/github/20190820_beam_extension/report/analysis_eig_asy0
2.aux)
\openout1 = `analysis_eig_asy02.aux'.

LaTeX Font Info:    Checking defaults for OML/cmm/m/it on input line 20.
LaTeX Font Info:    ... okay on input line 20.
LaTeX Font Info:    Checking defaults for T1/cmr/m/n on input line 20.
LaTeX Font Info:    ... okay on input line 20.
LaTeX Font Info:    Checking defaults for OT1/cmr/m/n on input line 20.
LaTeX Font Info:    ... okay on input line 20.
LaTeX Font Info:    Checking defaults for OMS/cmsy/m/n on input line 20.
LaTeX Font Info:    ... okay on input line 20.
LaTeX Font Info:    Checking defaults for OMX/cmex/m/n on input line 20.
LaTeX Font Info:    ... okay on input line 20.
LaTeX Font Info:    Checking defaults for U/cmr/m/n on input line 20.
LaTeX Font Info:    ... okay on input line 20.

*geometry* driver: auto-detecting
*geometry* detected driver: xetex
*geometry* verbose mode - [ preamble ] result:
* driver: xetex
* paper: <default>
* layout: <same size as paper>
* layoutoffset:(h,v)=(0.0pt,0.0pt)
* modes: 
* h-part:(L,W,R)=(92.14519pt, 430.00462pt, 92.14519pt)
* v-part:(T,H,B)=(42.67912pt, 709.61174pt, 42.67912pt)
* \paperwidth=614.295pt
* \paperheight=794.96999pt
* \textwidth=430.00462pt
* \textheight=709.61174pt
* \oddsidemargin=19.8752pt
* \evensidemargin=19.8752pt
* \topmargin=-66.59087pt
* \headheight=12.0pt
* \headsep=25.0pt
* \topskip=10.0pt
* \footskip=30.0pt
* \marginparwidth=65.0pt
* \marginparsep=11.0pt
* \columnsep=10.0pt
* \skip\footins=9.0pt plus 4.0pt minus 2.0pt
* \hoffset=0.0pt
* \voffset=0.0pt
* \mag=1000
* \@twocolumnfalse
* \@twosidefalse
* \@mparswitchfalse
* \@reversemarginfalse
* (1in=72.27pt=25.4mm, 1cm=28.453pt)

LaTeX Font Info:    Try loading font information for U+msa on input line 22.
(/usr/share/texlive/texmf-dist/tex/latex/amsfonts/umsa.fd
File: umsa.fd 2013/01/14 v3.01 AMS symbols A
)
LaTeX Font Info:    Try loading font information for U+msb on input line 22.

(/usr/share/texlive/texmf-dist/tex/latex/amsfonts/umsb.fd
File: umsb.fd 2013/01/14 v3.01 AMS symbols B
)
LaTeX Font Info:    Try loading font information for OMS+cmr on input line 32.

(/usr/share/texlive/texmf-dist/tex/latex/base/omscmr.fd
File: omscmr.fd 2014/09/29 v2.5h Standard LaTeX font definitions
)
LaTeX Font Info:    Font shape `OMS/cmr/m/n' in size <10> not available
(Font)              Font shape `OMS/cmsy/m/n' tried instead on input line 32.
 [1

]
Overfull \hbox (2.63495pt too wide) in paragraph at lines 53--54
[]\OT1/cmr/m/n/10 The early mod-el-ing at-tempts of piezo-elec-tric en-ergy har
-vesters em-ployed single-degree-of-freedom
 []

Missing character: There is no – in font cmr10!
Missing character: There is no ’ in font cmr10!
Missing character: There is no – in font cmr10!
Missing character: There is no – in font cmr10!
Missing character: There is no – in font cmr10!
Missing character: There is no – in font cmr10!
Missing character: There is no – in font cmr10!
Missing character: There is no – in font cmr10!
Missing character: There is no – in font cmr10!
[2]
Missing character: There is no ’ in font cmr10!
Missing character: There is no ’ in font cmr10!
 [3]
Missing character: There is no ‘ in font cmr10!
Missing character: There is no ’ in font cmr10!
Missing character: There is no ’ in font cmr10!
Missing character: There is no – in font cmr10!
 [4] [5] [6]
Missing character: There is no – in font cmr10!
Missing character: There is no – in font cmr10!
Missing character: There is no – in font cmr10!
Missing character: There is no – in font cmr10!
Missing character: There is no – in font cmr10!
 [7] [8]
Missing character: There is no ’ in font cmr10!
Missing character: There is no ’ in font cmr10!
Missing character: There is no ‘ in font cmr10!
Missing character: There is no ’ in font cmr10!
Missing character: There is no ’ in font cmr10!
 [9]
Missing character: There is no – in font cmr10!
 [10] [11]
File: ./img_eig_asy/fig_sol_analytic_perf_vs_fr.pdf Graphic file (type QTm)

<use  "./img_eig_asy/fig_sol_analytic_perf_vs_fr.pdf" >
File: ./img_eig_asy/fig_sol_analytic_disp_fun.jpg Graphic file (type QTm)

<use  "./img_eig_asy/fig_sol_analytic_disp_fun.jpg" > [12] [13]
File: ./img_eig_asy/fig_sol_analytic_disp_end.jpg Graphic file (type QTm)

<use  "./img_eig_asy/fig_sol_analytic_disp_end.jpg" > [14]
Missing character: There is no ∫ in font cmr10!
File: ./img_eig_asy/fig_sol_analytic_perf_fun.pdf Graphic file (type QTm)

<use  "./img_eig_asy/fig_sol_analytic_perf_fun.pdf" > [15] [16]
File: ./img_eig_asy/fig_sol_analytic_disp_cmp_fr001.pdf Graphic file (type QTm)


<use  "./img_eig_asy/fig_sol_analytic_disp_cmp_fr001.pdf" > [17]
File: ./img_eig_asy/fig_sol_analytic_disp_cmp_fr020.pdf Graphic file (type QTm)


<use  "./img_eig_asy/fig_sol_analytic_disp_cmp_fr020.pdf" > [18]
File: ./img_eig_asy/fig_sol_analytic_disp_cmp_fr040.pdf Graphic file (type QTm)


<use  "./img_eig_asy/fig_sol_analytic_disp_cmp_fr040.pdf" >
File: ./img_eig_asy/fig_sol_analytic_disp_cmp_fr045.pdf Graphic file (type QTm)


<use  "./img_eig_asy/fig_sol_analytic_disp_cmp_fr045.pdf" >
File: ./img_eig_asy/fig_sol_analytic_disp_cmp_fr060.pdf Graphic file (type QTm)


<use  "./img_eig_asy/fig_sol_analytic_disp_cmp_fr060.pdf" >
File: ./img_eig_asy/fig_sol_analytic_disp_cmp_fr080.pdf Graphic file (type QTm)


<use  "./img_eig_asy/fig_sol_analytic_disp_cmp_fr080.pdf" >
File: ./img_eig_asy/fig_sol_analytic_disp_cmp_fr100.pdf Graphic file (type QTm)


<use  "./img_eig_asy/fig_sol_analytic_disp_cmp_fr100.pdf" >
File: ./img_eig_asy/fig_sol_analytic_out_index_vs_delta.pdf Graphic file (type 
QTm)

<use  "./img_eig_asy/fig_sol_analytic_out_index_vs_delta.pdf" > [19] [20]
[21]
File: ./img_eig_asy/fig_sol_analytic_out_index_vs_fr.pdf Graphic file (type QTm
)
 <use  "./img_eig_asy/fig_sol_analytic_out_index_vs_fr.pdf" >
File: ./img_eig_asy/fig_sol_analytic_out_index_contour.pdf Graphic file (type Q
Tm)

<use  "./img_eig_asy/fig_sol_analytic_out_index_contour.pdf" >
File: ./img_eig_asy/fig_sol_analytic_out_vol_contour.pdf Graphic file (type QTm
)

<use  "./img_eig_asy/fig_sol_analytic_out_vol_contour.pdf" >
File: ./img_eig_asy/fig_sol_analytic_out_pow_contour.pdf Graphic file (type QTm
)

<use  "./img_eig_asy/fig_sol_analytic_out_pow_contour.pdf" > [22] [23] [24]
(/home/myzhou/Documents/github/20190820_beam_extension/report/analysis_eig_asy0
2.bbl) [25]
(/home/myzhou/Documents/github/20190820_beam_extension/report/analysis_eig_asy0
2.aux) ) 
Here is how much of TeX's memory you used:
 2726 strings out of 493638
 36018 string characters out of 6146796
 118963 words of memory out of 5000000
 6091 multiletter control sequences out of 15000+600000
 11495 words of font info for 45 fonts, out of 8000000 for 9000
 1328 hyphenation exceptions out of 8191
 27i,11n,35p,2071b,230s stack positions out of 5000i,500n,10000p,200000b,80000s

Output written on /home/myzhou/Documents/github/20190820_beam_extension/report/
analysis_eig_asy02.pdf (25 pages).
